13:58:52,070 INFO Instantiating local player A - Bot_v01 with bot ./Bot_v01/java/target
13:58:52,075 ERROR Exception during match execution
java.nio.file.NoSuchFileException: .\starter-bot\java
	at sun.nio.fs.WindowsException.translateToIOException(Unknown Source) ~[?:1.8.0_321]
	at sun.nio.fs.WindowsException.rethrowAsIOException(Unknown Source) ~[?:1.8.0_321]
	at sun.nio.fs.WindowsException.rethrowAsIOException(Unknown Source) ~[?:1.8.0_321]
	at sun.nio.fs.WindowsFileAttributeViews$Basic.readAttributes(Unknown Source) ~[?:1.8.0_321]
	at sun.nio.fs.WindowsFileAttributeViews$Basic.readAttributes(Unknown Source) ~[?:1.8.0_321]
	at sun.nio.fs.WindowsFileSystemProvider.readAttributes(Unknown Source) ~[?:1.8.0_321]
	at java.nio.file.Files.readAttributes(Unknown Source) ~[?:1.8.0_321]
	at java.nio.file.FileTreeWalker.getAttributes(Unknown Source) ~[?:1.8.0_321]
	at java.nio.file.FileTreeWalker.visit(Unknown Source) ~[?:1.8.0_321]
	at java.nio.file.FileTreeWalker.walk(Unknown Source) ~[?:1.8.0_321]
	at java.nio.file.FileTreeIterator.<init>(Unknown Source) ~[?:1.8.0_321]
	at java.nio.file.Files.walk(Unknown Source) ~[?:1.8.0_321]
	at java.nio.file.Files.walk(Unknown Source) ~[?:1.8.0_321]
	at za.co.entelect.challenge.config.BotMetadata.load(BotMetadata.java:83) ~[game-runner-jar-with-dependencies.jar:?]
	at za.co.entelect.challenge.player.bootstrapper.PlayerBootstrapper.parsePlayer(PlayerBootstrapper.java:72) ~[game-runner-jar-with-dependencies.jar:?]
	at za.co.entelect.challenge.player.bootstrapper.PlayerBootstrapper.parsePlayer(PlayerBootstrapper.java:62) ~[game-runner-jar-with-dependencies.jar:?]
	at za.co.entelect.challenge.player.bootstrapper.PlayerBootstrapper.loadPlayers(PlayerBootstrapper.java:54) ~[game-runner-jar-with-dependencies.jar:?]
	at za.co.entelect.challenge.engine.bootstrapper.GameBootstrapper.run(GameBootstrapper.java:69) [game-runner-jar-with-dependencies.jar:?]
	at za.co.entelect.challenge.engine.bootstrapper.GameBootstrapper.main(GameBootstrapper.java:49) [game-runner-jar-with-dependencies.jar:?]
